\BOOKMARK [1][-]{section.1}{\376\377\213\276\213\241\121\205\133\271}{}% 1
\BOOKMARK [2][-]{subsection.1.1}{\376\377\145\160\133\127\133\130\120\250\171\072\154\342\126\150\173\200\116\313\000\040}{section.1}% 2
\BOOKMARK [2][-]{subsection.1.2}{\376\377\213\276\213\241\116\373\122\241}{section.1}% 3
\BOOKMARK [1][-]{section.2}{\376\377\213\276\213\241\153\145\232\244}{}% 4
\BOOKMARK [2][-]{subsection.2.1}{\376\377\170\154\116\366\213\276\213\241}{section.2}% 5
\BOOKMARK [3][-]{subsubsection.2.1.1}{\376\377\155\113\221\317\152\041\127\127}{subsection.2.1}% 6
\BOOKMARK [3][-]{subsubsection.2.1.2}{\376\377\142\275\123\326\152\041\127\127}{subsection.2.1}% 7
\BOOKMARK [3][-]{subsubsection.2.1.3}{\376\377\211\346\123\321\124\214\133\130\120\250\152\041\127\127}{subsection.2.1}% 8
\BOOKMARK [3][-]{subsubsection.2.1.4}{\376\377\176\330\154\342\137\142\152\041\127\127}{subsection.2.1}% 9
\BOOKMARK [3][-]{subsubsection.2.1.5}{\376\377\000A\000v\000a\000l\000o\000n\000-\000M\000M\143\245\123\343\152\041\127\127}{subsection.2.1}% 10
\BOOKMARK [2][-]{subsection.2.2}{\376\377\217\157\116\366\213\276\213\241}{section.2}% 11
\BOOKMARK [3][-]{subsubsection.2.2.1}{\376\377\211\346\144\170\134\117\232\161\122\250\152\041\127\127}{subsection.2.2}% 12
\BOOKMARK [3][-]{subsubsection.2.2.2}{\376\377\000S\000D\000R\000A\000M\150\145\143\247\122\066\152\041\127\127}{subsection.2.2}% 13
\BOOKMARK [3][-]{subsubsection.2.2.3}{\376\377\000Q\000s\000y\000s\174\373\176\337\144\055\136\372}{subsection.2.2}% 14
\BOOKMARK [3][-]{subsubsection.2.2.4}{\376\377\000N\000i\000o\000s\000\040\000I\000I\217\157\116\366\213\276\213\241}{subsection.2.2}% 15
\BOOKMARK [1][-]{section.3}{\376\377\174\373\176\337\214\003\213\325}{}% 16
\BOOKMARK [1][-]{section.4}{\376\377\140\073\176\323}{}% 17
\BOOKMARK [2][-]{subsection.4.1}{\376\377\230\171\166\356\140\073\176\323}{section.4}% 18
\BOOKMARK [2][-]{subsection.4.2}{\376\377\116\015\215\263\116\016\145\071\217\333\145\271\124\021}{section.4}% 19
\BOOKMARK [1][-]{section*.23}{\376\377\226\104\137\125}{}% 20
